[2024-04-16 03:04:22] request.INFO: Matched route "admin_module_manage_action". {"route":"admin_module_manage_action","route_parameters":{"_route":"admin_module_manage_action","_controller":"PrestaShopBundle\\Controller\\Admin\\Improve\\ModuleController::moduleAction","action":"install","module_name":"loadcatalogs"},"request_uri":"http://localhost/prestashop/admin659vzuy3srk824ownex/index.php/improve/modules/manage/action/install/loadcatalogs?_token=i3X93dYCbFqXHqBKqgQ-nqt5oRqkpYqCDiuBByoo76k","method":"POST"} []
[2024-04-16 03:04:22] security.DEBUG: Read existing security token from the session. {"key":"_security_main","token_class":"Symfony\\Component\\Security\\Core\\Authentication\\Token\\UsernamePasswordToken"} []
[2024-04-16 03:04:22] security.DEBUG: User was reloaded from a user provider. {"provider":"PrestaShopBundle\\Security\\Admin\\EmployeeProvider","username":"123@gmail.com"} []
[2024-04-16 03:04:22] request.CRITICAL: Uncaught PHP Exception Error: "Undefined constant LoadCatalogs::TABLE_MOVIES" at C:\xampp\htdocs\prestashop\modules\loadcatalogs\loadcatalogs.php line 186 {"exception":"[object] (Error(code: 0): Undefined constant LoadCatalogs::TABLE_MOVIES at C:\\xampp\\htdocs\\prestashop\\modules\\loadcatalogs\\loadcatalogs.php:186)"} []
[2024-04-16 03:04:22] security.DEBUG: Stored the security token in the session. {"key":"_security_main"} []
[2024-04-16 03:04:23] request.INFO: Matched route "admin_module_manage_action". {"route":"admin_module_manage_action","route_parameters":{"_route":"admin_module_manage_action","_controller":"PrestaShopBundle\\Controller\\Admin\\Improve\\ModuleController::moduleAction","action":"install","module_name":"loadcatalogs"},"request_uri":"http://localhost/prestashop/admin659vzuy3srk824ownex/index.php/improve/modules/manage/action/install/loadcatalogs?_token=i3X93dYCbFqXHqBKqgQ-nqt5oRqkpYqCDiuBByoo76k","method":"POST"} []
[2024-04-16 03:04:23] security.DEBUG: Read existing security token from the session. {"key":"_security_main","token_class":"Symfony\\Component\\Security\\Core\\Authentication\\Token\\UsernamePasswordToken"} []
[2024-04-16 03:04:23] security.DEBUG: User was reloaded from a user provider. {"provider":"PrestaShopBundle\\Security\\Admin\\EmployeeProvider","username":"123@gmail.com"} []
[2024-04-16 03:04:24] request.CRITICAL: Uncaught PHP Exception Error: "Undefined constant LoadCatalogs::TABLE_MOVIES" at C:\xampp\htdocs\prestashop\modules\loadcatalogs\loadcatalogs.php line 186 {"exception":"[object] (Error(code: 0): Undefined constant LoadCatalogs::TABLE_MOVIES at C:\\xampp\\htdocs\\prestashop\\modules\\loadcatalogs\\loadcatalogs.php:186)"} []
[2024-04-16 03:04:24] security.DEBUG: Stored the security token in the session. {"key":"_security_main"} []
[2024-04-16 03:06:31] request.INFO: Matched route "admin_module_manage_action". {"route":"admin_module_manage_action","route_parameters":{"_route":"admin_module_manage_action","_controller":"PrestaShopBundle\\Controller\\Admin\\Improve\\ModuleController::moduleAction","action":"install","module_name":"loadcatalogs"},"request_uri":"http://localhost/prestashop/admin659vzuy3srk824ownex/index.php/improve/modules/manage/action/install/loadcatalogs?_token=i3X93dYCbFqXHqBKqgQ-nqt5oRqkpYqCDiuBByoo76k","method":"POST"} []
[2024-04-16 03:06:31] security.DEBUG: Read existing security token from the session. {"key":"_security_main","token_class":"Symfony\\Component\\Security\\Core\\Authentication\\Token\\UsernamePasswordToken"} []
[2024-04-16 03:06:31] security.DEBUG: User was reloaded from a user provider. {"provider":"PrestaShopBundle\\Security\\Admin\\EmployeeProvider","username":"123@gmail.com"} []
[2024-04-16 03:06:32] request.CRITICAL: Uncaught PHP Exception Error: "Undefined constant LoadCatalogs::TABLE_MOVIES" at C:\xampp\htdocs\prestashop\modules\loadcatalogs\loadcatalogs.php line 186 {"exception":"[object] (Error(code: 0): Undefined constant LoadCatalogs::TABLE_MOVIES at C:\\xampp\\htdocs\\prestashop\\modules\\loadcatalogs\\loadcatalogs.php:186)"} []
[2024-04-16 03:06:32] security.DEBUG: Stored the security token in the session. {"key":"_security_main"} []
[2024-04-16 03:18:25] request.INFO: Matched route "admin_module_manage_action". {"route":"admin_module_manage_action","route_parameters":{"_route":"admin_module_manage_action","_controller":"PrestaShopBundle\\Controller\\Admin\\Improve\\ModuleController::moduleAction","action":"install","module_name":"loadcatalogs"},"request_uri":"http://localhost/prestashop/admin659vzuy3srk824ownex/index.php/improve/modules/manage/action/install/loadcatalogs?_token=i3X93dYCbFqXHqBKqgQ-nqt5oRqkpYqCDiuBByoo76k","method":"POST"} []
[2024-04-16 03:18:25] security.DEBUG: Read existing security token from the session. {"key":"_security_main","token_class":"Symfony\\Component\\Security\\Core\\Authentication\\Token\\UsernamePasswordToken"} []
[2024-04-16 03:18:25] security.DEBUG: User was reloaded from a user provider. {"provider":"PrestaShopBundle\\Security\\Admin\\EmployeeProvider","username":"123@gmail.com"} []
[2024-04-16 03:18:25] request.CRITICAL: Uncaught PHP Exception Error: "Undefined constant LoadCatalogs::TABLE_MOVIES" at C:\xampp\htdocs\prestashop\modules\loadcatalogs\loadcatalogs.php line 185 {"exception":"[object] (Error(code: 0): Undefined constant LoadCatalogs::TABLE_MOVIES at C:\\xampp\\htdocs\\prestashop\\modules\\loadcatalogs\\loadcatalogs.php:185)"} []
[2024-04-16 03:18:25] security.DEBUG: Stored the security token in the session. {"key":"_security_main"} []
