[2024-05-09 02:15:45] request.CRITICAL: Uncaught PHP Exception Symfony\Component\ErrorHandler\Error\FatalError: "Error: Maximum execution time of 30 seconds exceeded" at /Applications/AMPPS/www/prestashop/classes/Tools.php line 2007 {"exception":"[object] (Symfony\\Component\\ErrorHandler\\Error\\FatalError(code: 0): Error: Maximum execution time of 30 seconds exceeded at /Applications/AMPPS/www/prestashop/classes/Tools.php:2007)"} []
[2024-05-09 02:19:20] request.INFO: Matched route "admin_module_import". {"route":"admin_module_import","route_parameters":{"_route":"admin_module_import","module_name":null,"_controller":"PrestaShopBundle\\Controller\\Admin\\Improve\\ModuleController::importModuleAction"},"request_uri":"http://localhost/prestashop/admin659vzuy3srk824ownex/index.php/improve/modules/import?_token=T6OM1AN11CswIUWRQNfP8wp6FqoDYwrzKy_Vnwwbg_E","method":"POST"} []
[2024-05-09 02:19:20] security.DEBUG: Read existing security token from the session. {"key":"_security_main","token_class":"Symfony\\Component\\Security\\Core\\Authentication\\Token\\UsernamePasswordToken"} []
[2024-05-09 02:19:20] security.DEBUG: User was reloaded from a user provider. {"provider":"PrestaShopBundle\\Security\\Admin\\EmployeeProvider","username":"123@gmail.com"} []
[2024-05-09 02:19:20] request.CRITICAL: Uncaught PHP Exception ParseError: "syntax error, unexpected '|', expecting ';' or '{'" at /Applications/AMPPS/www/prestashop/modules/mwg_syncproducts/mwg_syncproducts.php line 588 {"exception":"[object] (ParseError(code: 0): syntax error, unexpected '|', expecting ';' or '{' at /Applications/AMPPS/www/prestashop/modules/mwg_syncproducts/mwg_syncproducts.php:588)"} []
[2024-05-09 02:19:20] security.DEBUG: Stored the security token in the session. {"key":"_security_main"} []
[2024-05-09 02:19:32] request.INFO: Matched route "admin_module_import". {"route":"admin_module_import","route_parameters":{"_route":"admin_module_import","module_name":null,"_controller":"PrestaShopBundle\\Controller\\Admin\\Improve\\ModuleController::importModuleAction"},"request_uri":"http://localhost/prestashop/admin659vzuy3srk824ownex/index.php/improve/modules/import?_token=T6OM1AN11CswIUWRQNfP8wp6FqoDYwrzKy_Vnwwbg_E","method":"POST"} []
[2024-05-09 02:19:32] security.DEBUG: Read existing security token from the session. {"key":"_security_main","token_class":"Symfony\\Component\\Security\\Core\\Authentication\\Token\\UsernamePasswordToken"} []
[2024-05-09 02:19:32] security.DEBUG: User was reloaded from a user provider. {"provider":"PrestaShopBundle\\Security\\Admin\\EmployeeProvider","username":"123@gmail.com"} []
[2024-05-09 02:19:32] request.CRITICAL: Uncaught PHP Exception ParseError: "syntax error, unexpected '|', expecting ';' or '{'" at /Applications/AMPPS/www/prestashop/modules/mwg_syncproducts/mwg_syncproducts.php line 588 {"exception":"[object] (ParseError(code: 0): syntax error, unexpected '|', expecting ';' or '{' at /Applications/AMPPS/www/prestashop/modules/mwg_syncproducts/mwg_syncproducts.php:588)"} []
[2024-05-09 02:19:32] security.DEBUG: Stored the security token in the session. {"key":"_security_main"} []
[2024-05-09 02:20:44] request.INFO: Matched route "admin_module_manage". {"route":"admin_module_manage","route_parameters":{"_route":"admin_module_manage","category":null,"keyword":null,"_controller":"PrestaShopBundle\\Controller\\Admin\\Improve\\ModuleController::manageAction","_legacy_controller":"AdminModulesManage","_legacy_link":["AdminModulesManage","AdminModulesSf"]},"request_uri":"http://localhost/prestashop/admin659vzuy3srk824ownex/index.php/improve/modules/manage?_token=T6OM1AN11CswIUWRQNfP8wp6FqoDYwrzKy_Vnwwbg_E","method":"GET"} []
[2024-05-09 02:20:44] security.DEBUG: Read existing security token from the session. {"key":"_security_main","token_class":"Symfony\\Component\\Security\\Core\\Authentication\\Token\\UsernamePasswordToken"} []
[2024-05-09 02:20:44] security.DEBUG: User was reloaded from a user provider. {"provider":"PrestaShopBundle\\Security\\Admin\\EmployeeProvider","username":"123@gmail.com"} []
[2024-05-09 02:20:44] request.CRITICAL: Uncaught PHP Exception ParseError: "syntax error, unexpected '|', expecting ';' or '{'" at /Applications/AMPPS/www/prestashop/modules/mwg_syncproducts/mwg_syncproducts.php line 588 {"exception":"[object] (ParseError(code: 0): syntax error, unexpected '|', expecting ';' or '{' at /Applications/AMPPS/www/prestashop/modules/mwg_syncproducts/mwg_syncproducts.php:588)"} []
[2024-05-09 02:20:44] security.DEBUG: Stored the security token in the session. {"key":"_security_main"} []
[2024-05-09 02:21:03] request.INFO: Matched route "admin_module_manage". {"route":"admin_module_manage","route_parameters":{"_route":"admin_module_manage","category":null,"keyword":null,"_controller":"PrestaShopBundle\\Controller\\Admin\\Improve\\ModuleController::manageAction","_legacy_controller":"AdminModulesManage","_legacy_link":["AdminModulesManage","AdminModulesSf"]},"request_uri":"http://localhost/prestashop/admin659vzuy3srk824ownex/index.php/improve/modules/manage?_token=T6OM1AN11CswIUWRQNfP8wp6FqoDYwrzKy_Vnwwbg_E","method":"GET"} []
[2024-05-09 02:21:03] security.DEBUG: Read existing security token from the session. {"key":"_security_main","token_class":"Symfony\\Component\\Security\\Core\\Authentication\\Token\\UsernamePasswordToken"} []
[2024-05-09 02:21:03] security.DEBUG: User was reloaded from a user provider. {"provider":"PrestaShopBundle\\Security\\Admin\\EmployeeProvider","username":"123@gmail.com"} []
[2024-05-09 02:21:03] request.CRITICAL: Uncaught PHP Exception ParseError: "syntax error, unexpected '|', expecting ';' or '{'" at /Applications/AMPPS/www/prestashop/modules/mwg_syncproducts/mwg_syncproducts.php line 588 {"exception":"[object] (ParseError(code: 0): syntax error, unexpected '|', expecting ';' or '{' at /Applications/AMPPS/www/prestashop/modules/mwg_syncproducts/mwg_syncproducts.php:588)"} []
[2024-05-09 02:21:03] security.DEBUG: Stored the security token in the session. {"key":"_security_main"} []
[2024-05-09 02:21:06] request.INFO: Matched route "admin_module_manage". {"route":"admin_module_manage","route_parameters":{"_route":"admin_module_manage","category":null,"keyword":null,"_controller":"PrestaShopBundle\\Controller\\Admin\\Improve\\ModuleController::manageAction","_legacy_controller":"AdminModulesManage","_legacy_link":["AdminModulesManage","AdminModulesSf"]},"request_uri":"http://localhost/prestashop/admin659vzuy3srk824ownex/index.php/improve/modules/manage?_token=T6OM1AN11CswIUWRQNfP8wp6FqoDYwrzKy_Vnwwbg_E","method":"GET"} []
[2024-05-09 02:21:06] security.DEBUG: Read existing security token from the session. {"key":"_security_main","token_class":"Symfony\\Component\\Security\\Core\\Authentication\\Token\\UsernamePasswordToken"} []
[2024-05-09 02:21:06] security.DEBUG: User was reloaded from a user provider. {"provider":"PrestaShopBundle\\Security\\Admin\\EmployeeProvider","username":"123@gmail.com"} []
[2024-05-09 02:21:06] request.CRITICAL: Uncaught PHP Exception ParseError: "syntax error, unexpected '|', expecting ';' or '{'" at /Applications/AMPPS/www/prestashop/modules/mwg_syncproducts/mwg_syncproducts.php line 588 {"exception":"[object] (ParseError(code: 0): syntax error, unexpected '|', expecting ';' or '{' at /Applications/AMPPS/www/prestashop/modules/mwg_syncproducts/mwg_syncproducts.php:588)"} []
[2024-05-09 02:21:06] security.DEBUG: Stored the security token in the session. {"key":"_security_main"} []
[2024-05-09 02:21:07] request.INFO: Matched route "admin_module_manage". {"route":"admin_module_manage","route_parameters":{"_route":"admin_module_manage","category":null,"keyword":null,"_controller":"PrestaShopBundle\\Controller\\Admin\\Improve\\ModuleController::manageAction","_legacy_controller":"AdminModulesManage","_legacy_link":["AdminModulesManage","AdminModulesSf"]},"request_uri":"http://localhost/prestashop/admin659vzuy3srk824ownex/index.php/improve/modules/manage?_token=T6OM1AN11CswIUWRQNfP8wp6FqoDYwrzKy_Vnwwbg_E","method":"GET"} []
[2024-05-09 02:21:07] security.DEBUG: Read existing security token from the session. {"key":"_security_main","token_class":"Symfony\\Component\\Security\\Core\\Authentication\\Token\\UsernamePasswordToken"} []
[2024-05-09 02:21:07] security.DEBUG: User was reloaded from a user provider. {"provider":"PrestaShopBundle\\Security\\Admin\\EmployeeProvider","username":"123@gmail.com"} []
[2024-05-09 02:21:07] request.CRITICAL: Uncaught PHP Exception ParseError: "syntax error, unexpected '|', expecting ';' or '{'" at /Applications/AMPPS/www/prestashop/modules/mwg_syncproducts/mwg_syncproducts.php line 588 {"exception":"[object] (ParseError(code: 0): syntax error, unexpected '|', expecting ';' or '{' at /Applications/AMPPS/www/prestashop/modules/mwg_syncproducts/mwg_syncproducts.php:588)"} []
[2024-05-09 02:21:07] security.DEBUG: Stored the security token in the session. {"key":"_security_main"} []
[2024-05-09 02:21:08] request.INFO: Matched route "admin_module_manage". {"route":"admin_module_manage","route_parameters":{"_route":"admin_module_manage","category":null,"keyword":null,"_controller":"PrestaShopBundle\\Controller\\Admin\\Improve\\ModuleController::manageAction","_legacy_controller":"AdminModulesManage","_legacy_link":["AdminModulesManage","AdminModulesSf"]},"request_uri":"http://localhost/prestashop/admin659vzuy3srk824ownex/index.php/improve/modules/manage?_token=T6OM1AN11CswIUWRQNfP8wp6FqoDYwrzKy_Vnwwbg_E","method":"GET"} []
[2024-05-09 02:21:08] security.DEBUG: Read existing security token from the session. {"key":"_security_main","token_class":"Symfony\\Component\\Security\\Core\\Authentication\\Token\\UsernamePasswordToken"} []
[2024-05-09 02:21:08] security.DEBUG: User was reloaded from a user provider. {"provider":"PrestaShopBundle\\Security\\Admin\\EmployeeProvider","username":"123@gmail.com"} []
[2024-05-09 02:21:08] request.CRITICAL: Uncaught PHP Exception ParseError: "syntax error, unexpected '|', expecting ';' or '{'" at /Applications/AMPPS/www/prestashop/modules/mwg_syncproducts/mwg_syncproducts.php line 588 {"exception":"[object] (ParseError(code: 0): syntax error, unexpected '|', expecting ';' or '{' at /Applications/AMPPS/www/prestashop/modules/mwg_syncproducts/mwg_syncproducts.php:588)"} []
[2024-05-09 02:21:08] security.DEBUG: Stored the security token in the session. {"key":"_security_main"} []
[2024-05-09 02:21:08] request.INFO: Matched route "admin_module_manage". {"route":"admin_module_manage","route_parameters":{"_route":"admin_module_manage","category":null,"keyword":null,"_controller":"PrestaShopBundle\\Controller\\Admin\\Improve\\ModuleController::manageAction","_legacy_controller":"AdminModulesManage","_legacy_link":["AdminModulesManage","AdminModulesSf"]},"request_uri":"http://localhost/prestashop/admin659vzuy3srk824ownex/index.php/improve/modules/manage?_token=T6OM1AN11CswIUWRQNfP8wp6FqoDYwrzKy_Vnwwbg_E","method":"GET"} []
[2024-05-09 02:21:08] security.DEBUG: Read existing security token from the session. {"key":"_security_main","token_class":"Symfony\\Component\\Security\\Core\\Authentication\\Token\\UsernamePasswordToken"} []
[2024-05-09 02:21:08] security.DEBUG: User was reloaded from a user provider. {"provider":"PrestaShopBundle\\Security\\Admin\\EmployeeProvider","username":"123@gmail.com"} []
[2024-05-09 02:21:08] request.CRITICAL: Uncaught PHP Exception ParseError: "syntax error, unexpected '|', expecting ';' or '{'" at /Applications/AMPPS/www/prestashop/modules/mwg_syncproducts/mwg_syncproducts.php line 588 {"exception":"[object] (ParseError(code: 0): syntax error, unexpected '|', expecting ';' or '{' at /Applications/AMPPS/www/prestashop/modules/mwg_syncproducts/mwg_syncproducts.php:588)"} []
[2024-05-09 02:21:08] security.DEBUG: Stored the security token in the session. {"key":"_security_main"} []
[2024-05-09 02:22:06] request.INFO: Matched route "admin_module_import". {"route":"admin_module_import","route_parameters":{"_route":"admin_module_import","module_name":null,"_controller":"PrestaShopBundle\\Controller\\Admin\\Improve\\ModuleController::importModuleAction"},"request_uri":"http://localhost/prestashop/admin659vzuy3srk824ownex/index.php/improve/modules/import?_token=T6OM1AN11CswIUWRQNfP8wp6FqoDYwrzKy_Vnwwbg_E","method":"POST"} []
[2024-05-09 02:22:06] security.DEBUG: Read existing security token from the session. {"key":"_security_main","token_class":"Symfony\\Component\\Security\\Core\\Authentication\\Token\\UsernamePasswordToken"} []
[2024-05-09 02:22:06] security.DEBUG: User was reloaded from a user provider. {"provider":"PrestaShopBundle\\Security\\Admin\\EmployeeProvider","username":"123@gmail.com"} []
[2024-05-09 02:22:06] request.CRITICAL: Uncaught PHP Exception ParseError: "syntax error, unexpected '|', expecting ';' or '{'" at /Applications/AMPPS/www/prestashop/modules/mwg_syncproducts/mwg_syncproducts.php line 588 {"exception":"[object] (ParseError(code: 0): syntax error, unexpected '|', expecting ';' or '{' at /Applications/AMPPS/www/prestashop/modules/mwg_syncproducts/mwg_syncproducts.php:588)"} []
[2024-05-09 02:22:06] security.DEBUG: Stored the security token in the session. {"key":"_security_main"} []
[2024-05-09 02:22:12] request.INFO: Matched route "admin_module_manage". {"route":"admin_module_manage","route_parameters":{"_route":"admin_module_manage","category":null,"keyword":null,"_controller":"PrestaShopBundle\\Controller\\Admin\\Improve\\ModuleController::manageAction","_legacy_controller":"AdminModulesManage","_legacy_link":["AdminModulesManage","AdminModulesSf"]},"request_uri":"http://localhost/prestashop/admin659vzuy3srk824ownex/index.php/improve/modules/manage?_token=T6OM1AN11CswIUWRQNfP8wp6FqoDYwrzKy_Vnwwbg_E","method":"GET"} []
[2024-05-09 02:22:13] security.DEBUG: Read existing security token from the session. {"key":"_security_main","token_class":"Symfony\\Component\\Security\\Core\\Authentication\\Token\\UsernamePasswordToken"} []
[2024-05-09 02:22:13] security.DEBUG: User was reloaded from a user provider. {"provider":"PrestaShopBundle\\Security\\Admin\\EmployeeProvider","username":"123@gmail.com"} []
[2024-05-09 02:22:13] request.CRITICAL: Uncaught PHP Exception ParseError: "syntax error, unexpected '|', expecting ';' or '{'" at /Applications/AMPPS/www/prestashop/modules/mwg_syncproducts/mwg_syncproducts.php line 588 {"exception":"[object] (ParseError(code: 0): syntax error, unexpected '|', expecting ';' or '{' at /Applications/AMPPS/www/prestashop/modules/mwg_syncproducts/mwg_syncproducts.php:588)"} []
[2024-05-09 02:22:13] security.DEBUG: Stored the security token in the session. {"key":"_security_main"} []
[2024-05-09 02:23:14] request.INFO: Matched route "admin_module_import". {"route":"admin_module_import","route_parameters":{"_route":"admin_module_import","module_name":null,"_controller":"PrestaShopBundle\\Controller\\Admin\\Improve\\ModuleController::importModuleAction"},"request_uri":"http://localhost/prestashop/admin659vzuy3srk824ownex/index.php/improve/modules/import?_token=T6OM1AN11CswIUWRQNfP8wp6FqoDYwrzKy_Vnwwbg_E","method":"POST"} []
[2024-05-09 02:23:14] security.DEBUG: Read existing security token from the session. {"key":"_security_main","token_class":"Symfony\\Component\\Security\\Core\\Authentication\\Token\\UsernamePasswordToken"} []
[2024-05-09 02:23:14] security.DEBUG: User was reloaded from a user provider. {"provider":"PrestaShopBundle\\Security\\Admin\\EmployeeProvider","username":"123@gmail.com"} []
[2024-05-09 02:23:14] request.CRITICAL: Uncaught PHP Exception ParseError: "syntax error, unexpected '|', expecting ';' or '{'" at /Applications/AMPPS/www/prestashop/modules/mwg_syncproducts/mwg_syncproducts.php line 588 {"exception":"[object] (ParseError(code: 0): syntax error, unexpected '|', expecting ';' or '{' at /Applications/AMPPS/www/prestashop/modules/mwg_syncproducts/mwg_syncproducts.php:588)"} []
[2024-05-09 02:23:14] security.DEBUG: Stored the security token in the session. {"key":"_security_main"} []
[2024-05-09 04:20:52] request.INFO: Matched route "admin_module_manage". {"route":"admin_module_manage","route_parameters":{"_route":"admin_module_manage","category":null,"keyword":null,"_controller":"PrestaShopBundle\\Controller\\Admin\\Improve\\ModuleController::manageAction","_legacy_controller":"AdminModulesManage","_legacy_link":["AdminModulesManage","AdminModulesSf"]},"request_uri":"http://localhost/prestashop/admin659vzuy3srk824ownex/index.php/improve/modules/manage?_token=T6OM1AN11CswIUWRQNfP8wp6FqoDYwrzKy_Vnwwbg_E","method":"GET"} []
[2024-05-09 04:20:52] security.DEBUG: Read existing security token from the session. {"key":"_security_main","token_class":"Symfony\\Component\\Security\\Core\\Authentication\\Token\\UsernamePasswordToken"} []
[2024-05-09 04:20:52] security.DEBUG: User was reloaded from a user provider. {"provider":"PrestaShopBundle\\Security\\Admin\\EmployeeProvider","username":"123@gmail.com"} []
[2024-05-09 04:20:52] request.CRITICAL: Uncaught PHP Exception ParseError: "syntax error, unexpected '|', expecting ';' or '{'" at /Applications/AMPPS/www/prestashop/modules/mwg_syncproducts/mwg_syncproducts.php line 588 {"exception":"[object] (ParseError(code: 0): syntax error, unexpected '|', expecting ';' or '{' at /Applications/AMPPS/www/prestashop/modules/mwg_syncproducts/mwg_syncproducts.php:588)"} []
[2024-05-09 04:20:52] security.DEBUG: Stored the security token in the session. {"key":"_security_main"} []
[2024-05-09 04:21:12] request.INFO: Matched route "admin_module_manage". {"route":"admin_module_manage","route_parameters":{"_route":"admin_module_manage","category":null,"keyword":null,"_controller":"PrestaShopBundle\\Controller\\Admin\\Improve\\ModuleController::manageAction","_legacy_controller":"AdminModulesManage","_legacy_link":["AdminModulesManage","AdminModulesSf"]},"request_uri":"http://localhost/prestashop/admin659vzuy3srk824ownex/index.php/improve/modules/manage?_token=NBaCIQFIa7YnFnoPvPxSeni89-kohI50B0WpOHfjtqw","method":"GET"} []
[2024-05-09 04:21:12] security.DEBUG: Read existing security token from the session. {"key":"_security_main","token_class":"Symfony\\Component\\Security\\Core\\Authentication\\Token\\UsernamePasswordToken"} []
[2024-05-09 04:21:12] security.DEBUG: User was reloaded from a user provider. {"provider":"PrestaShopBundle\\Security\\Admin\\EmployeeProvider","username":"123@gmail.com"} []
[2024-05-09 04:21:12] request.CRITICAL: Uncaught PHP Exception ParseError: "syntax error, unexpected '|', expecting ';' or '{'" at /Applications/AMPPS/www/prestashop/modules/mwg_syncproducts/mwg_syncproducts.php line 588 {"exception":"[object] (ParseError(code: 0): syntax error, unexpected '|', expecting ';' or '{' at /Applications/AMPPS/www/prestashop/modules/mwg_syncproducts/mwg_syncproducts.php:588)"} []
[2024-05-09 04:21:12] security.DEBUG: Stored the security token in the session. {"key":"_security_main"} []
