[2024-04-03 04:20:56] request.INFO: Matched route "admin_themes_enable". {"route":"admin_themes_enable","route_parameters":{"_route":"admin_themes_enable","_controller":"PrestaShopBundle\\Controller\\Admin\\Improve\\Design\\ThemeController::enableAction","_legacy_controller":"AdminThemes","_legacy_link":"AdminThemes:enableTheme","_legacy_parameters":{"theme_name":"themeName"},"themeName":"happyTheme"},"request_uri":"http://localhost/prestashop/admin659vzuy3srk824ownex/index.php/improve/design/themes/happyTheme/enable?_token=D4aR0WBRyzwcxQKT4ZIxCj1eQotRwby-5aGM4YFaVNA","method":"POST"} []
[2024-04-03 04:20:56] security.DEBUG: Read existing security token from the session. {"key":"_security_main","token_class":"Symfony\\Component\\Security\\Core\\Authentication\\Token\\UsernamePasswordToken"} []
[2024-04-03 04:20:56] security.DEBUG: User was reloaded from a user provider. {"provider":"PrestaShopBundle\\Security\\Admin\\EmployeeProvider","username":"123@gmail.com"} []
[2024-04-03 04:20:57] app.INFO: Protect vendor folder in module ybc_blog_free [] []
[2024-04-03 04:20:57] app.INFO: Module ybc_blog_free has no vendor folder [] []
[2024-04-03 04:20:57] app.ERROR: Unable to install override: The method getAjaxProductSearchVariables in the class ProductListingFrontController is already overridden by the module ybc_themeconfig  version 1.0.1 at 2024-04-03 04:20:57 . [] []
[2024-04-03 04:20:57] security.DEBUG: Stored the security token in the session. {"key":"_security_main"} []
[2024-04-03 04:21:01] request.INFO: Matched route "admin_themes_index". {"route":"admin_themes_index","route_parameters":{"_route":"admin_themes_index","_controller":"PrestaShopBundle\\Controller\\Admin\\Improve\\Design\\ThemeController::indexAction","_legacy_controller":"AdminThemes","_legacy_link":"AdminThemes"},"request_uri":"http://localhost/prestashop/admin659vzuy3srk824ownex/index.php/improve/design/themes/?_token=D4aR0WBRyzwcxQKT4ZIxCj1eQotRwby-5aGM4YFaVNA","method":"GET"} []
[2024-04-03 04:21:02] security.DEBUG: Read existing security token from the session. {"key":"_security_main","token_class":"Symfony\\Component\\Security\\Core\\Authentication\\Token\\UsernamePasswordToken"} []
[2024-04-03 04:21:02] security.DEBUG: User was reloaded from a user provider. {"provider":"PrestaShopBundle\\Security\\Admin\\EmployeeProvider","username":"123@gmail.com"} []
[2024-04-03 04:21:03] request.CRITICAL: Uncaught PHP Exception Symfony\Component\ErrorHandler\Error\OutOfMemoryError: "Error: Allowed memory size of 134217728 bytes exhausted (tried to allocate 61440 bytes)" at /Applications/AMPPS/www/prestashop/vendor/twig/twig/src/Compiler.php line 86 {"exception":"[object] (Symfony\\Component\\ErrorHandler\\Error\\OutOfMemoryError(code: 0): Error: Allowed memory size of 134217728 bytes exhausted (tried to allocate 61440 bytes) at /Applications/AMPPS/www/prestashop/vendor/twig/twig/src/Compiler.php:86)"} []
[2024-04-03 04:56:50] request.INFO: Matched route "admin_themes_enable". {"route":"admin_themes_enable","route_parameters":{"_route":"admin_themes_enable","_controller":"PrestaShopBundle\\Controller\\Admin\\Improve\\Design\\ThemeController::enableAction","_legacy_controller":"AdminThemes","_legacy_link":"AdminThemes:enableTheme","_legacy_parameters":{"theme_name":"themeName"},"themeName":"happyTheme"},"request_uri":"http://localhost/prestashop/admin659vzuy3srk824ownex/index.php/improve/design/themes/happyTheme/enable?_token=D4aR0WBRyzwcxQKT4ZIxCj1eQotRwby-5aGM4YFaVNA","method":"POST"} []
[2024-04-03 04:56:50] security.DEBUG: Read existing security token from the session. {"key":"_security_main","token_class":"Symfony\\Component\\Security\\Core\\Authentication\\Token\\UsernamePasswordToken"} []
[2024-04-03 04:56:50] security.DEBUG: User was reloaded from a user provider. {"provider":"PrestaShopBundle\\Security\\Admin\\EmployeeProvider","username":"123@gmail.com"} []
[2024-04-03 04:56:50] app.INFO: Protect vendor folder in module ybc_blog_free [] []
[2024-04-03 04:56:50] app.INFO: Module ybc_blog_free has no vendor folder [] []
[2024-04-03 04:56:51] app.INFO: Protect vendor folder in module ybc_themeconfig [] []
[2024-04-03 04:56:51] app.INFO: Module ybc_themeconfig has no vendor folder [] []
[2024-04-03 04:56:51] app.INFO: Protect vendor folder in module ets_multilayerslider [] []
[2024-04-03 04:56:51] app.INFO: Module ets_multilayerslider has no vendor folder [] []
[2024-04-03 04:56:51] app.INFO: Protect vendor folder in module ybc_widget [] []
[2024-04-03 04:56:51] app.INFO: Module ybc_widget has no vendor folder [] []
[2024-04-03 04:56:51] app.INFO: Protect vendor folder in module ets_megamenu [] []
[2024-04-03 04:56:51] app.INFO: Module ets_megamenu has no vendor folder [] []
[2024-04-03 04:56:51] app.INFO: Protect vendor folder in module ybc_specificprices [] []
[2024-04-03 04:56:51] app.INFO: Module ybc_specificprices has no vendor folder [] []
[2024-04-03 04:56:51] app.ERROR: The module is invalid and cannot be loaded. [] []
[2024-04-03 04:56:51] security.DEBUG: Stored the security token in the session. {"key":"_security_main"} []
[2024-04-03 04:57:17] request.INFO: Matched route "admin_themes_enable". {"route":"admin_themes_enable","route_parameters":{"_route":"admin_themes_enable","_controller":"PrestaShopBundle\\Controller\\Admin\\Improve\\Design\\ThemeController::enableAction","_legacy_controller":"AdminThemes","_legacy_link":"AdminThemes:enableTheme","_legacy_parameters":{"theme_name":"themeName"},"themeName":"happyTheme"},"request_uri":"http://localhost/prestashop/admin659vzuy3srk824ownex/index.php/improve/design/themes/happyTheme/enable?_token=D4aR0WBRyzwcxQKT4ZIxCj1eQotRwby-5aGM4YFaVNA","method":"POST"} []
[2024-04-03 04:57:17] security.DEBUG: Read existing security token from the session. {"key":"_security_main","token_class":"Symfony\\Component\\Security\\Core\\Authentication\\Token\\UsernamePasswordToken"} []
[2024-04-03 04:57:17] security.DEBUG: User was reloaded from a user provider. {"provider":"PrestaShopBundle\\Security\\Admin\\EmployeeProvider","username":"123@gmail.com"} []
[2024-04-03 04:57:17] app.INFO: Protect vendor folder in module ybc_themeconfig [] []
[2024-04-03 04:57:17] app.INFO: Module ybc_themeconfig has no vendor folder [] []
[2024-04-03 04:57:17] app.ERROR: The module is invalid and cannot be loaded. [] []
[2024-04-03 04:57:17] security.DEBUG: Stored the security token in the session. {"key":"_security_main"} []
[2024-04-03 04:59:28] request.INFO: Matched route "admin_themes_enable". {"route":"admin_themes_enable","route_parameters":{"_route":"admin_themes_enable","_controller":"PrestaShopBundle\\Controller\\Admin\\Improve\\Design\\ThemeController::enableAction","_legacy_controller":"AdminThemes","_legacy_link":"AdminThemes:enableTheme","_legacy_parameters":{"theme_name":"themeName"},"themeName":"happyTheme"},"request_uri":"http://localhost/prestashop/admin659vzuy3srk824ownex/index.php/improve/design/themes/happyTheme/enable?_token=D4aR0WBRyzwcxQKT4ZIxCj1eQotRwby-5aGM4YFaVNA","method":"POST"} []
[2024-04-03 04:59:28] security.DEBUG: Read existing security token from the session. {"key":"_security_main","token_class":"Symfony\\Component\\Security\\Core\\Authentication\\Token\\UsernamePasswordToken"} []
[2024-04-03 04:59:28] security.DEBUG: User was reloaded from a user provider. {"provider":"PrestaShopBundle\\Security\\Admin\\EmployeeProvider","username":"123@gmail.com"} []
[2024-04-03 04:59:28] app.INFO: Protect vendor folder in module ybc_themeconfig [] []
[2024-04-03 04:59:28] app.INFO: Module ybc_themeconfig has no vendor folder [] []
[2024-04-03 04:59:28] app.ERROR: The module is invalid and cannot be loaded. [] []
[2024-04-03 04:59:28] security.DEBUG: Stored the security token in the session. {"key":"_security_main"} []
[2024-04-03 04:59:51] request.INFO: Matched route "admin_themes_enable". {"route":"admin_themes_enable","route_parameters":{"_route":"admin_themes_enable","_controller":"PrestaShopBundle\\Controller\\Admin\\Improve\\Design\\ThemeController::enableAction","_legacy_controller":"AdminThemes","_legacy_link":"AdminThemes:enableTheme","_legacy_parameters":{"theme_name":"themeName"},"themeName":"happyTheme"},"request_uri":"http://localhost/prestashop/admin659vzuy3srk824ownex/index.php/improve/design/themes/happyTheme/enable?_token=D4aR0WBRyzwcxQKT4ZIxCj1eQotRwby-5aGM4YFaVNA","method":"POST"} []
[2024-04-03 04:59:51] security.DEBUG: Read existing security token from the session. {"key":"_security_main","token_class":"Symfony\\Component\\Security\\Core\\Authentication\\Token\\UsernamePasswordToken"} []
[2024-04-03 04:59:51] security.DEBUG: User was reloaded from a user provider. {"provider":"PrestaShopBundle\\Security\\Admin\\EmployeeProvider","username":"123@gmail.com"} []
[2024-04-03 04:59:52] app.INFO: Protect vendor folder in module ybc_themeconfig [] []
[2024-04-03 04:59:52] app.INFO: Module ybc_themeconfig has no vendor folder [] []
[2024-04-03 04:59:52] app.ERROR: The module is invalid and cannot be loaded. [] []
[2024-04-03 04:59:52] security.DEBUG: Stored the security token in the session. {"key":"_security_main"} []
